<?xml version="1.0" encoding="UTF-8"?>
<testsuite xmlns:xsi="http://www.w3.org/2001/XMLSchema-instance" xsi:noNamespaceSchemaLocation="https://maven.apache.org/surefire/maven-surefire-plugin/xsd/surefire-test-report-3.0.xsd" version="3.0" name="com.example.blinkit.BlinkitFlowTests" time="4.629" tests="5" errors="0" skipped="0" failures="0">
  <properties>
[...]
</properties>
  <testcase name="couponValidationRejectsLowCart" classname="com.example.blinkit.BlinkitFlowTests" time="0.32">
    <system-out><![CDATA[10:46:51.909 [main] INFO org.springframework.test.context.support.AnnotationConfigContextLoaderUtils -- Could not detect default configuration classes for test class [com.example.blinkit.BlinkitFlowTests]: BlinkitFlowTests does not declare any static, non-private, non-final, nested classes annotated with @Configuration.
10:46:51.956 [main] INFO org.springframework.boot.test.context.SpringBootTestContextBootstrapper -- Found @SpringBootConfiguration com.example.blinkit.BlinkitApplication for test class com.example.blinkit.BlinkitFlowTests

  .   ____          _            __ _ _
 /\\ / ___'_ __ _ _(_)_ __  __ _ \ \ \ \
( ( )\___ | '_ | '_| | '_ \/ _` | \ \ \ \
 \\/  ___)| |_)| | | | | || (_| |  ) ) ) )
  '  |____| .__|_| |_|_| |_\__, | / / / /
 =========|_|==============|___/=/_/_/_/

 :: Spring Boot ::                (v3.3.5)

2026-02-18T10:46:52.135+05:30  INFO 4513 --- [blinkit-mega] [           main] com.example.blinkit.BlinkitFlowTests     : Starting BlinkitFlowTests using Java 17.0.17 with PID 4513 (started by meghnadsaha in /Users/meghnadsaha/IdeaProjects/angular-typescript-starter/portfolio/blinkit-mega/backend)
2026-02-18T10:46:52.136+05:30  INFO 4513 --- [blinkit-mega] [           main] com.example.blinkit.BlinkitFlowTests     : No active profile set, falling back to 1 default profile: "default"
2026-02-18T10:46:52.646+05:30  INFO 4513 --- [blinkit-mega] [           main] .s.d.r.c.RepositoryConfigurationDelegate : Bootstrapping Spring Data JPA repositories in DEFAULT mode.
2026-02-18T10:46:52.696+05:30  INFO 4513 --- [blinkit-mega] [           main] .s.d.r.c.RepositoryConfigurationDelegate : Finished Spring Data repository scanning in 46 ms. Found 27 JPA repository interfaces.
2026-02-18T10:46:53.115+05:30  INFO 4513 --- [blinkit-mega] [           main] com.zaxxer.hikari.HikariDataSource       : HikariPool-1 - Starting...
2026-02-18T10:46:53.203+05:30  INFO 4513 --- [blinkit-mega] [           main] com.zaxxer.hikari.pool.HikariPool        : HikariPool-1 - Added connection conn0: url=jdbc:h2:mem:blinkit user=SA
2026-02-18T10:46:53.204+05:30  INFO 4513 --- [blinkit-mega] [           main] com.zaxxer.hikari.HikariDataSource       : HikariPool-1 - Start completed.
2026-02-18T10:46:53.231+05:30  INFO 4513 --- [blinkit-mega] [           main] org.flywaydb.core.FlywayExecutor         : Database: jdbc:h2:mem:blinkit (H2 2.2)
2026-02-18T10:46:53.239+05:30  WARN 4513 --- [blinkit-mega] [           main] o.f.c.internal.database.base.Database    : Flyway upgrade recommended: H2 2.2.224 is newer than this version of Flyway and support has not been tested. The latest supported version of H2 is 2.2.220.
2026-02-18T10:46:53.248+05:30  INFO 4513 --- [blinkit-mega] [           main] o.f.c.i.s.JdbcTableSchemaHistory         : Schema history table "PUBLIC"."flyway_schema_history" does not exist yet
2026-02-18T10:46:53.250+05:30  INFO 4513 --- [blinkit-mega] [           main] o.f.core.internal.command.DbValidate     : Successfully validated 3 migrations (execution time 00:00.006s)
2026-02-18T10:46:53.254+05:30  INFO 4513 --- [blinkit-mega] [           main] o.f.c.i.s.JdbcTableSchemaHistory         : Creating Schema History table "PUBLIC"."flyway_schema_history" ...
2026-02-18T10:46:53.276+05:30  INFO 4513 --- [blinkit-mega] [           main] o.f.core.internal.command.DbMigrate      : Current version of schema "PUBLIC": << Empty Schema >>
2026-02-18T10:46:53.282+05:30  INFO 4513 --- [blinkit-mega] [           main] o.f.core.internal.command.DbMigrate      : Migrating schema "PUBLIC" to version "1 - core"
2026-02-18T10:46:53.305+05:30  INFO 4513 --- [blinkit-mega] [           main] o.f.core.internal.command.DbMigrate      : Migrating schema "PUBLIC" to version "2 - pro upgrade"
2026-02-18T10:46:53.318+05:30  INFO 4513 --- [blinkit-mega] [           main] o.f.core.internal.command.DbMigrate      : Migrating schema "PUBLIC" to version "3 - pro plusplus"
2026-02-18T10:46:53.341+05:30  INFO 4513 --- [blinkit-mega] [           main] o.f.core.internal.command.DbMigrate      : Successfully applied 3 migrations to schema "PUBLIC", now at version v3 (execution time 00:00.041s)
2026-02-18T10:46:53.401+05:30  INFO 4513 --- [blinkit-mega] [           main] o.hibernate.jpa.internal.util.LogHelper  : HHH000204: Processing PersistenceUnitInfo [name: default]
2026-02-18T10:46:53.428+05:30  INFO 4513 --- [blinkit-mega] [           main] org.hibernate.Version                    : HHH000412: Hibernate ORM core version 6.5.3.Final
2026-02-18T10:46:53.443+05:30  INFO 4513 --- [blinkit-mega] [           main] o.h.c.internal.RegionFactoryInitiator    : HHH000026: Second-level cache disabled
2026-02-18T10:46:53.587+05:30  INFO 4513 --- [blinkit-mega] [           main] o.s.o.j.p.SpringPersistenceUnitInfo      : No LoadTimeWeaver setup: ignoring JPA class transformer
2026-02-18T10:46:54.184+05:30  INFO 4513 --- [blinkit-mega] [           main] o.h.e.t.j.p.i.JtaPlatformInitiator       : HHH000489: No JTA platform available (set 'hibernate.transaction.jta.platform' to enable JTA platform integration)
2026-02-18T10:46:54.196+05:30  INFO 4513 --- [blinkit-mega] [           main] j.LocalContainerEntityManagerFactoryBean : Initialized JPA EntityManagerFactory for persistence unit 'default'
2026-02-18T10:46:54.841+05:30  WARN 4513 --- [blinkit-mega] [           main] .s.s.UserDetailsServiceAutoConfiguration : 

Using generated security password: 5e4079e9-a244-4441-b10a-a030152d9f52

This generated password is for development use only. Your security configuration must be updated before running your application in production.

2026-02-18T10:46:54.845+05:30  INFO 4513 --- [blinkit-mega] [           main] r$InitializeUserDetailsManagerConfigurer : Global AuthenticationManager configured with UserDetailsService bean with name inMemoryUserDetailsManager
2026-02-18T10:46:55.082+05:30  INFO 4513 --- [blinkit-mega] [           main] o.s.b.a.e.web.EndpointLinksResolver      : Exposing 2 endpoints beneath base path '/actuator'
2026-02-18T10:46:55.406+05:30  INFO 4513 --- [blinkit-mega] [           main] o.s.b.a.h2.H2ConsoleAutoConfiguration    : H2 console available at '/h2-console'. Database available at 'jdbc:h2:mem:blinkit'
2026-02-18T10:46:55.468+05:30  INFO 4513 --- [blinkit-mega] [           main] com.example.blinkit.BlinkitFlowTests     : Started BlinkitFlowTests in 3.453 seconds (process running for 3.859)
]]></system-out>
  </testcase>
  <testcase name="idempotencyReturnsSameOrder" classname="com.example.blinkit.BlinkitFlowTests" time="0.029"/>
  <testcase name="reservationConcurrency" classname="com.example.blinkit.BlinkitFlowTests" time="0.041"/>
  <testcase name="partialRefundCreditsWalletOnApproval" classname="com.example.blinkit.BlinkitFlowTests" time="0.014"/>
  <testcase name="roleAccessValidationForCancel" classname="com.example.blinkit.BlinkitFlowTests" time="0.006"/>
</testsuite>